<?xml version="1.0" encoding="UTF-8"?>
<!-- Generated by org.testng.reporters.JUnitReportReporter -->
<testsuite skipped="0" hostname="lenovo" name="my_maven.Test01" tests="1" failures="0" timestamp="27 Aug 2018 05:25:07 GMT" time="30.091" errors="0">
  <testcase name="test_01" time="30.091" classname="my_maven.Test01"/>
</testsuite> <!-- my_maven.Test01 -->
